<?xml version="1.0" encoding="UTF-8"?>
<testsuite xmlns:xsi="http://www.w3.org/2001/XMLSchema-instance" xsi:noNamespaceSchemaLocation="https://maven.apache.org/surefire/maven-surefire-plugin/xsd/surefire-test-report.xsd" name="sorts.AppTest" time="0.039" tests="8" errors="0" skipped="0" failures="0">
  <properties>
[...]
</properties>
  <testcase name="TestOneBubble" classname="sorts.AppTest" time="0.002"/>
  <testcase name="TestTwoQuick" classname="sorts.AppTest" time="0"/>
  <testcase name="TestOneQuick" classname="sorts.AppTest" time="0"/>
  <testcase name="TestThreeBubble" classname="sorts.AppTest" time="0"/>
  <testcase name="TestFourBubble" classname="sorts.AppTest" time="0.003"/>
  <testcase name="TestTwoBubble" classname="sorts.AppTest" time="0"/>
  <testcase name="TestThreeQuick" classname="sorts.AppTest" time="0.001"/>
  <testcase name="TestFourQuick" classname="sorts.AppTest" time="0.014"/>
</testsuite>